INFO: [VRFC 10-2263] Analyzing Verilog file "C:/CSE100_Labs/Lab4/Lab4.srcs/sources_1/new/EdgeDetector.v" into library xil_defaultlib
INFO: [VRFC 10-311] analyzing module EdgeDetector
INFO: [VRFC 10-2263] Analyzing Verilog file "C:/CSE100_Labs/Lab4/Lab4.srcs/sources_1/new/RingCounter.v" into library xil_defaultlib
INFO: [VRFC 10-311] analyzing module RingCounter
INFO: [VRFC 10-2263] Analyzing Verilog file "C:/CSE100_Labs/Lab4/Lab4.srcs/sources_1/new/Selector.v" into library xil_defaultlib
INFO: [VRFC 10-311] analyzing module Selector
INFO: [VRFC 10-2263] Analyzing Verilog file "C:/CSE100_Labs/Lab4/Lab4.srcs/sources_1/new/TopLevel.v" into library xil_defaultlib
INFO: [VRFC 10-311] analyzing module TopLevel
INFO: [VRFC 10-2263] Analyzing Verilog file "C:/CSE100_Labs/Lab4/Lab4.srcs/sources_1/new/countUD3L.v" into library xil_defaultlib
INFO: [VRFC 10-311] analyzing module countUD3L
INFO: [VRFC 10-2263] Analyzing Verilog file "C:/CSE100_Labs/Lab4/Lab4.srcs/sources_1/new/countUD5L.v" into library xil_defaultlib
INFO: [VRFC 10-311] analyzing module countUD5L
INFO: [VRFC 10-2263] Analyzing Verilog file "C:/CSE100_Labs/Lab4/Lab4.srcs/sources_1/new/counterUD16L.v" into library xil_defaultlib
INFO: [VRFC 10-311] analyzing module counterUD16L
INFO: [VRFC 10-2263] Analyzing Verilog file "C:/CSE100_Labs/Lab4/Lab4.srcs/sources_1/new/hex7seg.v" into library xil_defaultlib
INFO: [VRFC 10-311] analyzing module hex7seg
INFO: [VRFC 10-311] analyzing module m8_le
INFO: [VRFC 10-2263] Analyzing Verilog file "C:/CSE100_Labs/lab4_clks.v" into library xil_defaultlib
INFO: [VRFC 10-311] analyzing module lab4_clks
INFO: [VRFC 10-311] analyzing module clk_wiz_0
INFO: [VRFC 10-311] analyzing module clkcntrl4
INFO: [VRFC 10-311] analyzing module FTCE_MXILINX_clkcntrl4
INFO: [VRFC 10-311] analyzing module CB4CE_MXILINX_clkcntrl4
INFO: [VRFC 10-2263] Analyzing Verilog file "C:/CSE100_Labs/Lab4/Lab4.srcs/sim_1/new/Verilog_Testbench.v" into library xil_defaultlib
INFO: [VRFC 10-311] analyzing module Verilog_Testbench
